<?xml version="1.0" encoding="UTF-8"?>
<!-- Generated by org.testng.reporters.JUnitReportReporter -->
<testsuite hostname="BLR1-LMAC-N03100.local" failures="0" tests="1" name="com.qa.mobile.tests.MobileTestCase2" time="1.743" errors="0" timestamp="2021-06-07T19:26:49 IST" skipped="0">
  <testcase classname="com.qa.mobile.tests.MobileTestCase2" name="clickEN_BtnAndVerify" time="1.743"/>
  <system-out/>
</testsuite> <!-- com.qa.mobile.tests.MobileTestCase2 -->
