<?xml version="1.0" encoding="UTF-8"?>
<!-- Generated by org.testng.reporters.JUnitReportReporter -->
<testsuite hostname="BLR1-LMAC-N03100.local" failures="0" tests="1" name="com.qa.mobile.tests.MobileTestCase9" time="6.345" errors="1" timestamp="2021-06-07T19:50:06 IST" skipped="0">
  <testcase classname="com.qa.mobile.tests.MobileTestCase9" name="enterTextInExceptionFieldAndVerifyHomePageTitle" time="6.345">
    <error message="androidx.test.uiautomator.StaleObjectException
For documentation on this error, please visit: https://www.seleniumhq.org/exceptions/stale_element_reference.html
Build info: version: &#039;3.141.59&#039;, revision: &#039;e82be7d358&#039;, time: &#039;2018-11-14T08:17:03&#039;
System info: host: &#039;BLR1-LMAC-N03100.local&#039;, ip: &#039;fe80:0:0:0:50:1560:d5ea:7db1%en0&#039;, os.name: &#039;Mac OS X&#039;, os.arch: &#039;x86_64&#039;, os.version: &#039;10.15.7&#039;, java.version: &#039;15.0.1&#039;
Driver info: io.appium.java_client.AppiumDriver
Capabilities {app: /Users/jalu.ram/Desktop/App..., appPackage: io.selendroid.testapp, autoGrantPermissions: true, automationName: UiAutomator2, databaseEnabled: false, desired: {app: /Users/jalu.ram/Desktop/App..., autoGrantPermissions: true, automationName: UiAutomator2, deviceName: Android Device, noReset: true, platformName: android, platformVersion: 10}, deviceApiLevel: 29, deviceManufacturer: Xiaomi, deviceModel: M2007J20CI, deviceName: 953a899, deviceScreenDensity: 440, deviceScreenSize: 1080x2400, deviceUDID: 953a899, javascriptEnabled: true, locationContextEnabled: false, networkConnectionEnabled: true, noReset: true, pixelRatio: 2.75, platform: LINUX, platformName: ANDROID, platformVersion: 10, statBarHeight: 91, takesScreenshot: true, viewportRect: {height: 2088, left: 0, top: 91, width: 1080}, warnings: {}, webStorageEnabled: false}
Session ID: 1f4702af-5e92-4ecd-80d3-2e70ea9aed7d" type="org.openqa.selenium.StaleElementReferenceException">
      <![CDATA[org.openqa.selenium.StaleElementReferenceException: androidx.test.uiautomator.StaleObjectException
For documentation on this error, please visit: https://www.seleniumhq.org/exceptions/stale_element_reference.html
Build info: version: '3.141.59', revision: 'e82be7d358', time: '2018-11-14T08:17:03'
System info: host: 'BLR1-LMAC-N03100.local', ip: 'fe80:0:0:0:50:1560:d5ea:7db1%en0', os.name: 'Mac OS X', os.arch: 'x86_64', os.version: '10.15.7', java.version: '15.0.1'
Driver info: io.appium.java_client.AppiumDriver
Capabilities {app: /Users/jalu.ram/Desktop/App..., appPackage: io.selendroid.testapp, autoGrantPermissions: true, automationName: UiAutomator2, databaseEnabled: false, desired: {app: /Users/jalu.ram/Desktop/App..., autoGrantPermissions: true, automationName: UiAutomator2, deviceName: Android Device, noReset: true, platformName: android, platformVersion: 10}, deviceApiLevel: 29, deviceManufacturer: Xiaomi, deviceModel: M2007J20CI, deviceName: 953a899, deviceScreenDensity: 440, deviceScreenSize: 1080x2400, deviceUDID: 953a899, javascriptEnabled: true, locationContextEnabled: false, networkConnectionEnabled: true, noReset: true, pixelRatio: 2.75, platform: LINUX, platformName: ANDROID, platformVersion: 10, statBarHeight: 91, takesScreenshot: true, viewportRect: {height: 2088, left: 0, top: 91, width: 1080}, warnings: {}, webStorageEnabled: false}
Session ID: 1f4702af-5e92-4ecd-80d3-2e70ea9aed7d
at java.base/jdk.internal.reflect.NativeConstructorAccessorImpl.newInstance0(Native Method)
at java.base/jdk.internal.reflect.NativeConstructorAccessorImpl.newInstance(NativeConstructorAccessorImpl.java:64)
at java.base/jdk.internal.reflect.DelegatingConstructorAccessorImpl.newInstance(DelegatingConstructorAccessorImpl.java:45)
at java.base/java.lang.reflect.Constructor.newInstanceWithCaller(Constructor.java:500)
at java.base/java.lang.reflect.Constructor.newInstance(Constructor.java:481)
at org.openqa.selenium.remote.http.W3CHttpResponseCodec.createException(W3CHttpResponseCodec.java:187)
at org.openqa.selenium.remote.http.W3CHttpResponseCodec.decode(W3CHttpResponseCodec.java:122)
at org.openqa.selenium.remote.http.W3CHttpResponseCodec.decode(W3CHttpResponseCodec.java:49)
at org.openqa.selenium.remote.HttpCommandExecutor.execute(HttpCommandExecutor.java:158)
at io.appium.java_client.remote.AppiumCommandExecutor.execute(AppiumCommandExecutor.java:247)
at org.openqa.selenium.remote.RemoteWebDriver.execute(RemoteWebDriver.java:552)
at io.appium.java_client.DefaultGenericMobileDriver.execute(DefaultGenericMobileDriver.java:41)
at io.appium.java_client.AppiumDriver.execute(AppiumDriver.java:1)
at org.openqa.selenium.remote.RemoteWebElement.execute(RemoteWebElement.java:285)
at io.appium.java_client.DefaultGenericMobileElement.execute(DefaultGenericMobileElement.java:45)
at io.appium.java_client.MobileElement.execute(MobileElement.java:1)
at io.appium.java_client.android.AndroidElement.execute(AndroidElement.java:1)
at org.openqa.selenium.remote.RemoteWebElement.sendKeys(RemoteWebElement.java:106)
at com.qa.mobile.tests.MobileTestCase9.enterTextInExceptionFieldAndVerifyHomePageTitle(MobileTestCase9.java:20)
at java.base/jdk.internal.reflect.NativeMethodAccessorImpl.invoke0(Native Method)
at java.base/jdk.internal.reflect.NativeMethodAccessorImpl.invoke(NativeMethodAccessorImpl.java:64)
at java.base/jdk.internal.reflect.DelegatingMethodAccessorImpl.invoke(DelegatingMethodAccessorImpl.java:43)
at java.base/java.lang.reflect.Method.invoke(Method.java:564)
at org.testng.internal.MethodInvocationHelper.invokeMethod(MethodInvocationHelper.java:132)
at org.testng.internal.TestInvoker.invokeMethod(TestInvoker.java:599)
at org.testng.internal.TestInvoker.invokeTestMethod(TestInvoker.java:174)
at org.testng.internal.MethodRunner.runInSequence(MethodRunner.java:46)
at org.testng.internal.TestInvoker$MethodInvocationAgent.invoke(TestInvoker.java:822)
at org.testng.internal.TestInvoker.invokeTestMethods(TestInvoker.java:147)
at org.testng.internal.TestMethodWorker.invokeTestMethods(TestMethodWorker.java:146)
at org.testng.internal.TestMethodWorker.run(TestMethodWorker.java:128)
at java.base/java.util.ArrayList.forEach(ArrayList.java:1511)
at org.testng.TestRunner.privateRun(TestRunner.java:764)
at org.testng.TestRunner.run(TestRunner.java:585)
at org.testng.SuiteRunner.runTest(SuiteRunner.java:384)
at org.testng.SuiteRunner.runSequentially(SuiteRunner.java:378)
at org.testng.SuiteRunner.privateRun(SuiteRunner.java:337)
at org.testng.SuiteRunner.run(SuiteRunner.java:286)
at org.testng.SuiteRunnerWorker.runSuite(SuiteRunnerWorker.java:53)
at org.testng.SuiteRunnerWorker.run(SuiteRunnerWorker.java:96)
at org.testng.TestNG.runSuitesSequentially(TestNG.java:1218)
at org.testng.TestNG.runSuitesLocally(TestNG.java:1140)
at org.testng.TestNG.runSuites(TestNG.java:1069)
at org.testng.TestNG.run(TestNG.java:1037)
at org.testng.remote.AbstractRemoteTestNG.run(AbstractRemoteTestNG.java:115)
at org.testng.remote.RemoteTestNG.initAndRun(RemoteTestNG.java:251)
at org.testng.remote.RemoteTestNG.main(RemoteTestNG.java:77)
]]>
    </error>
  </testcase> <!-- enterTextInExceptionFieldAndVerifyHomePageTitle -->
  <system-out/>
</testsuite> <!-- com.qa.mobile.tests.MobileTestCase9 -->
