<?xml version="1.0" encoding="UTF-8"?>
<!-- Generated by org.testng.reporters.JUnitReportReporter -->
<testsuite hostname="BLR1-LMAC-N03100.local" failures="0" tests="2" name="com.qa.mobile.tests.MobileTestCases" time="0.689" errors="0" timestamp="2021-06-07T19:19:09 IST" skipped="0">
  <testcase classname="com.qa.mobile.tests.MobileTestCases" name="userVerifyElementsOnApplication" time="0.209"/>
  <system-out/>
  <testcase classname="com.qa.mobile.tests.MobileTestCases" name="userUerifiesTitle" time="0.480"/>
  <system-out/>
</testsuite> <!-- com.qa.mobile.tests.MobileTestCases -->
