<?xml version="1.0" encoding="UTF-8"?>
<!-- Generated by org.testng.reporters.JUnitReportReporter -->
<testsuite hostname="BLR1-LMAC-N03100.local" failures="0" tests="1" name="com.qa.mobile.tests.Demo" time="0.003" errors="0" timestamp="2021-06-07T18:03:06 IST" skipped="0">
  <testcase classname="com.qa.mobile.tests.Demo" name="test" time="0.003"/>
  <system-out/>
</testsuite> <!-- com.qa.mobile.tests.Demo -->
