<?xml version="1.0" encoding="UTF-8"?>
<!-- Generated by org.testng.reporters.JUnitReportReporter -->
<testsuite hostname="BLR1-LMAC-N03100.local" failures="0" tests="3" name="com.qa.web.tests.WebTestCases" time="10.264" errors="0" timestamp="2021-06-07T08:55:27 IST" skipped="2">
  <testcase classname="com.qa.web.tests.WebTestCases" name="selectItemsFromDropdownTest" time="10.264"/>
  <system-out/>
  <testcase classname="com.qa.web.tests.WebTestCases" name="dragAndDropTest">
    <skipped/>
  </testcase> <!-- dragAndDropTest -->
  <system-out/>
  <testcase classname="com.qa.web.tests.WebTestCases" name="controlgroupTest">
    <skipped/>
  </testcase> <!-- controlgroupTest -->
  <system-out/>
</testsuite> <!-- com.qa.web.tests.WebTestCases -->
