<?xml version="1.0" encoding="UTF-8"?>
<!-- Generated by org.testng.reporters.JUnitReportReporter -->
<testsuite hostname="BLR1-LMAC-N03100.local" failures="0" tests="1" name="com.qa.web.tests.SampleTest" time="22.054" errors="0" timestamp="2021-06-06T16:11:33 IST" skipped="0">
  <testcase classname="com.qa.web.tests.SampleTest" name="testM" time="22.054"/>
  <system-out/>
</testsuite> <!-- com.qa.web.tests.SampleTest -->
